[    0.000000] Initializing cgroup ubys cpuset
[    0.00000] Initializing cgroup subsys cpu
[    0.000000] Initializing cgroup subsys cpuacct
[    0.000000] Linux version 4.4.0-134-generic (buildd@lgw01-amd64-033) (gcc version 5.4.0 20160609 (Ubuntu 5.4.0-6ubuntu1~16.04.10) ) #160-Ubuntu SMP Wed Aug 15 14:58:00 UTC 2018 (Ubuntu 4.4.0-134.160-generic 4.4.140)
[    0.000000] Command line: BOOT_IMAGE=/boot/vmlinuz-4.4.0-134-generic root=LABEL=cloudimg-rootfs ro console=tty1 console=ttyS0
[    0.000000] KERNEL supported cpus:
[    0.000000]   Intel GenuineIntel
[    0.000000]   AMD AuthenticAMD
[    0.000000]   Centaur CentaurHauls
[    0.000000] x86/fpu: xstate_offset[2]:  576, xstate_sizes[2]:  256
[    .000000] x86/fpu: Supporting XSAVE feature 0x01: 'x87 floating point registers'
[    0.000000] x86/fpu: Supporting XSAVE feature 0x02: 'SSE registers'
[    0.00000] x86/fpu: Supporting XSAVE feature 0x04: 'AVX registers'
[    0.000000] x86/fpu: Enabled xstate features 0x7, context size is832 bytes, using 'standard' format.
[    0.000000] e820: BIOS-provided physcal RAM map:
[    0.000000] BIOS-e820: [mem 00000000000000000-0x000000000009fbff] usable
[    0.00000] BIOS-e820: [mem 0x000000000009fc00-0x0000000009ffff] reserved
[    0.000000] BIOS-e820: [mem 0x0000000000f0000-0x0000000000fffff] reserved
[    0.000000] BIOS-e820: [mem 0x0000000000100000-0x000000003ffeffff] usable
[    0.000000] BIOS-e820: [mem 0x000000003fff0000-0x000000003fffffff] ACPI data
[    0.000000] BIOS-e820: [mem 0x00000000fec00000-0x00000000fec00fff] reserved
[    0.000000] BIOS-e820: [mem 0x00000000fee00000-0x00000000fee00fff] reserved
[    0.000000] BIOS-e820: [mem 0x00000000fffc0000-0x00000000ffffffff] reserved
[    0.000000] NX (Execute Disable) protection: active
[    0.000000] SMBIOS 2.5 present.
[    0.000000] Hypervisor detected: KVM
[    0.000000] e820: last_pfn = 0x3fff0 max_arch_pfn = 0x400000000
[    0.000000] MTRR: Disabled
[    0.000000] x86/PAT: MTRRs disabled, skipping PAT initialization too.
[    0.000000] CPU MTRRs all blank - virtualized system.
[    0.000000] x86/PAT: Configuration [0-7]: B  WT  U- UC WB  WT  UC- UC  
[    0.000000] found SMP MP-table at [mem 0x0009fff0-0x0009ffff] mapped at [ffff88000009fff0]
[     0.000000] Scanning 1 areas fo low memory corruption
[    0.000000] RAMDISK: [mem 0x3630c000-0x3717dfff]
[    0.00000] ACPI: Early table checksum verifcation isabled
[    .000000] ACPI: RSDP 0x00000000000E0000 000024 (v02 VBOX  )
[    0.000000] ACPI: XSDT 0x000000003FFF0030 00003C v01 VBOX   VBOXXSDT 00000001 ASL  00000061)
[    0.000000] ACPI: FACP 0x000000003FFF00F0 0000F4 (v04 VBOX   VBOXFACP 00000001 ASL  00000061
[    0.000000] ACPI: DSDT 0x000000003FFF0470 0021FF (v02 VBOX   VBOXBIOS 00000002 INTL 20100528)
[    0.000000] ACPI: FACS 0x000000003FFF0200 000040
[    0.000000] ACPI: FACS 0x000000003FFF0200 000040
[    0.000000] ACPI: APIC 0x000000003FFF0240 00005C (v02 VBOX   VBOXAPIC 00000001 ASL  00000061)
[    0.000000] ACPI: SSDT 0x000000003FFF02A0 0001CC (v01 VBOX   VBOXCPUT 00000002 INTL 20100528)
[    0.000000] No NUMA configuration found
[    0.000000] Faking a nodeat [mem 0x0000000000000000-0x000000003feffff]
[    0.000000] NODE_DATA(0) allocated [mem 0x3ffeb000-0x3ffeffff]
[    0.000000] kvm-clock: Using msrs 4b564d01 and 4b564d00
[    0.000000] kvm-clock: cpu 0, msr 0:3ffe3001, primary cpu clock
[    0.000000] kvm-clock: using sched offset of 8258411158 cycles
[    0.000000] clocksource: kvm-clock: mask: 0xffffffffffffffff max_cycles: 0x1cd42e4dffb, max_idle_ns: 88159059148 ns
[    0.000000] Zone ranges:
[    .00000]   DMA      [mem 0x0000000000001000-0x0000000000fffff]
[    0.000000]   DMA32    [mem0x0000000001000000-0x000000003ffeffff]
[    0.000000]   Normal   empty
[    0.000000]   Device   empty
[    0.000000] Movable zon start for each node
[    0.000000] Early memory noe ranges
[    0.000000]   node   0: [mem 0x0000000000001000-0x000000000009efff]
[    0.000000]   node   0: [mem 0x0000000000100000-0x00000003ffeffff]
[    0.000000] Initmem setup node 0 [mem 0x000000000001000-0x000000003ffeffff]
[    0.000000] API: PM-Timer IO Port 0x4008
[    0.000000] IOAPIC[0]: apic_id 2, version 32 addres 0xfec00000, GSI 0-23
[    0.000000] ACPI: INT_SRC_OVR (bus 0 bus_irq 0global_irq 2 dfl dfl)
[    0.000000] ACPI: INT_SRC_OVR (bus 0 bus_irq 9 global_irq 9 low level)
[    0.00000] Using ACPI (MAD) for SMP configuratio information
[    0.000000] smpboot: Allowing 2 CPUs, 0 hotplug CPUs
[    0.000000] PM: Registered nosave memory: [mem 0x00000000-0x00000fff]
[    0.000000] PM: Registered nosave memory: [mem 0x0009f000-0x0009ffff]
[    0.000000] PM: Registered nosave memory: [mem 0x000a0000x000effff]
[    0.000000] PM: Registered nosave memory: [me 0x000f0000-0x000fffff]
[    0.000000] e820: [mem 0x40000000-0xfebfffff] available for PCdevices
[    0.000000] Booting paravirtualized kernel on KVM
[    0.000000] clocksource: refined-jiffies: mask 0xffffffff ma_cycles: 0xffffffff, max_idle_ns: 764551960021156 ns
[    0.000000] setup_percpu: NR_CPUS:512 nr_cpumask_bits:512 nr_cpu_ids:2 nr_nodeids:1
[    0.000000] PERCPU:Embdded 34 pages/cpu@ffff88003fc00000 s99544 r8192 d31528u1048576
[    0.000000] PV qspinlock hash table entries: 256 (order: 0, 4096 ytes)
[    0.000000] Built 1 zonelists in Node order, mobility groupin on.  Total pages: 257912
[    .000000] Policy zone: DMA32
[    0.00000] Kernel command line: BOOT_IMAGE=/boot/vmlinuz-4.4.0-134-generic root=LABEL=cloudimg-rootfs ro console=tty1 console=ttyS0
[    .000000] PID hash table entries: 4096 (order: 3, 32768 bytes)[    0.00000] Memory: 997724K/1048120K available (8554K kernel code, 1314K rwdata, 4004K rodata, 1516K init, 1316K bss, 50396K reserved, 0K cma-reserved)
[    0000000] SLUB: HWalign=64, Order=0-3, MinObjects=0, CPUs=2, Nodes=1
[    0.000000] Kernel/User page tables isolation: enabled
[    0.000000] HierarchicalRCU implementation.
[    0.000000] Build-ime adjustment of leaf fanout to 64.
[    0.000000] 	RCU restricting CPUs from NR_CPUS=512 to nr_cpu_ids=2.
[    0.00000] RCU: Adjusting geometry for rcu_fanout_leaf=64 nr_cpu_ids=2
[   .000000] NR_IRQS:33024 nr_irqs:440 16
[    0.00000] Console: colour VGA+ 80x25
[    0.00000] console [tty1] enabled
[    0.00000] console [ttyS0] enabled
[    0.000000] tsc: Detected 1599.999 MHz processor
[    1.866821] Calibrting delay loop (sskipped) preset value.. 3199.99 BogoMIPS (lpj=6399996)
[    1.891183] pid_max: default: 32768 minimum: 301
[    1.898988] ACPI: Core revision 20150930
[    1.901512] ACPI: 2 ACPI AML tables successfully acquired and loaded
[    1.908589] Security Framework initialized
[    1.914159] Yama: becoming mindful.
[    1.919125] AppArmor: AppArmor initialized
[    1.926875] Dentry cache hash table entries: 131072 (order: 8, 1048576 bytes)
[    1.936992] Inode-cache hash table entries: 65536 (order: 7, 524288 bytes)
[    1.950695] Mount-cache hash table entries: 2048 (order: 2, 16384 bytes)
[    1.970222] Mountpoint-cache hash table entries: 2048 (order: 2, 16384 bytes)
[    1.978901] Initializing cgroup subsys io
[    1.986932] Initializing cgroup subsys memory
[    1.989103] Initializing cgroup subsys devices
[    1.998664] Initializing cgroup subsys freezer
[    2.007072] Initializing cgroup subsys net_cls
[    2.009143] Initializing cgroup subsys perf_event
[    2.011359] Initializing cgroup subsys net_prio
[    2.022250] Initializing cgroup subsys hugetlb
[    2.027422] Initializing cgroup subsys pids
[    2.035916] mce: CPU supports 0 MCE banks
[    2.049950] Last level iTLB entries: 4KB 64, 2MB 8, 4MB 8
[    2.052010] Last level dTLB entries: 4KB 64, 2MB 0, 4MB 0, 1GB 4
[    2.061871] Spectre V2 : Mitigation: Full generic retpoline
[    2.070747] Spectre V2 : Speculation control IBPB not-supported IBRS not-supported
[    2.083368] Speculative Store Bypass: Vulnerable
[    2.089727] Freeing SMP alternatives memory: 32K
[    2.104472] ftrace: allocating 32266 entries in 127 pages
[    2.191021] smpboot: APIC(0) Converting physical 0 to logical package 0
[    2.194101] smpboot: Max logical packages: 1
[    2.210683] x2apic enabled
[    2.218750] Switched APIC routing to physical x2apic.
[    2.225200] ..TIMER: vector=0x30 apic1=0 pin1=2 apic2=-1 pin2=-1
[    2.333703] smpboot: CPU0: Intel(R) Core(TM) i5-5250U CPU @ 1.60GHz (family: 0x6, model: 0x3d, stepping: 0x4)
[    2.355302] Performance Events: unsupported p6 CPU model 61 no PMU driver, software events only.
[    2.374331] KVM setup paravirtual spinlock
[    2.379225] x86: Booting SMP configuration:
[    2.383526] .... node  #0, CPUs:      #1
[    2.407599] kvm-clock: cpu 1, msr 0:3ffe3041, secondary cpu clock
[    2.429140] mce: CPU supports 0 MCE banks
[    2.432881] x86: Booted up 1 node, 2 CPUs
[    2.443017] smpboot: Total of 2 processors activated (6399.99 BogoMIPS)
[    2.460753] devtmpfs: initialized
[    2.465186] evm: security.selinux
[    2.466804] evm: security.SMACK64
[    2.470091] evm: security.SMACK64EXEC
[    2.471842] evm: security.SMACK64TRANSMUTE
[    2.475139] evm: security.SMACK64MMAP
[    2.478630] evm: security.ima
[    2.480591] evm: security.capability
[    2.486577] clocksource: jiffies: mask: 0xffffffff max_cycles: 0xffffffff, max_idle_ns: 7645041785100000 ns
[    2.495089] futex hash table entries: 512 (order: 3, 32768 bytes)
[    2.504001] pinctrl core: initialized pinctrl subsystem
[    2.510635] RTC time: 14:59:05, date: 09/27/18
[    2.516101] NET: Registered protocol family 16
[    2.530394] cpuidle: using governor ladder
[    2.546294] cpuidle: using governor menu
[    2.548522] PCCT header not found.
[    2.550650] ACPI: bus type PCI registered
[    2.554336] acpiphp: ACPI Hot Plug PCI Controller Driver version: 0.5
[    2.561076] PCI: Using configuration type 1 for base access
[    2.583203] ACPI: Added _OSI(Module Device)
[    2.587264] ACPI: Added _OSI(Processor Device)
[    2.591910] ACPI: Added _OSI(3.0 _SCP Extensions)
[    2.593893] ACPI: Added _OSI(Processor Aggregator Device)
[    2.601925] ACPI: Executed 1 blocks of module-level executable AML code
[    2.615146] ACPI: Interpreter enabled
[    2.616968] ACPI: (supports S0 S5)
[    2.618721] ACPI: Using IOAPIC for interrupt routing
[    2.628179] PCI: Using host bridge windows from ACPI; if necessary, use "pci=nocrs" and report a bug
[    2.644733] ACPI: PCI Root Bridge [PCI0] (domain 0000 [bus 00-ff])
[    2.654998] acpi PNP0A03:00: _OSC: OS supports [ASPM ClockPM Segments MSI]
[    2.660495] acpi PNP0A03:00: _OSC: not requesting OS control; OS requires [ExtendedConfig ASPM ClockPM MSI]
[    2.671542] acpi PNP0A03:00: fail to add MMCONFIG information, can't access extended PCI configuration space under this bridge.
[    2.681174] PCI host bridge to bus 0000:00
[    2.690230] pci_bus 0000:00: root bus resource [io  0x0000-0x0cf7 window]
[    2.710127] pci_bus 0000:00: root bus resource [io  0x0d00-0xffff window]
[    2.718952] pci_bus 0000:00: root bus resource [mem 0x000a0000-0x000bffff window]
[    2.728221] pci_bus 0000:00: root bus resource [mem 0x40000000-0xfdffffff window]
[    2.740042] pci_bus 0000:00: root bus resource [bus 00-ff]
[    2.746585] pci 0000:00:01.1: legacy IDE quirk: reg 0x10: [io  0x01f0-0x01f7]
[    2.751904] pci 0000:00:01.1: legacy IDE quirk: reg 0x14: [io  0x03f6]
[    2.761971] pci 0000:00:01.1: legacy IDE quirk: reg 0x18: [io  0x0170-0x0177]
[    2.764514] pci 0000:00:01.1: legacy IDE quirk: reg 0x1c: [io  0x0376]
[    2.799750] pci 0000:00:07.0: quirk: [io  0x4000-0x403f] claimed by PIIX4 ACPI
[    2.821650] pci 0000:00:07.0: quirk: [io  0x4100-0x410f] claimed by PIIX4 SMB
[    2.846565] ACPI: PCI Interrupt Link [LNKA] (IRQs 5 9 10 *11)
[    2.854296] ACPI: PCI Interrupt Link [LNKB] (IRQs 5 9 *10 11)
[    2.857659] ACPI: PCI Interrupt Link [LNKC] (IRQs 5 *9 10 11)
[    2.868679] ACPI: PCI Interrupt Link [LNKD] (IRQs 5 9 10 *11)
[    2.873910] ACPI: Enabled 2 GPEs in block 00 to 07
[    2.876779] vgaarb: setting as boot device: PCI:0000:00:02.0
[    2.880650] vgaarb: device added: PCI:0000:00:02.0,decodes=io+mem,owns=io+mem,locks=none
[    2.887072] vgaarb: loaded
[    2.894739] vgaarb: bridge control possible 0000:00:02.0
[    2.903805] SCSI subsystem initialized
[    2.905858] ACPI: bus type USB registered
[    2.910367] usbcore: registered new interface driver usbfs
[    2.913748] usbcore: registered new interface driver hub
[    2.918980] usbcore: registered new device driver usb
[    2.923625] PCI: Using ACPI for IRQ routing
[    2.928039] NetLabel: Initializing
[    2.930055] NetLabel:  domain hash size = 128
[    2.933233] NetLabel:  protocols = UNLABELED CIPSOv4
[    2.935605] NetLabel:  unlabeled traffic allowed by default
[    2.938643] amd_nb: Cannot enumerate AMD northbridges
[    2.941020] clocksource: Switched to clocksource kvm-clock
[    2.954879] AppArmor: AppArmor Filesystem nabled
[    2.988799] pnp: PnP ACPI init
[    2.99229] pnp: PnP ACPI: found 3 devices

[    3.040835] clocksource: acpi_pm: ask: 0xffffff max_cycles: 0xffffff, max_idle_ns: 2085701024 ns
[    3.74695]NET: Registered protocol family 2

[    3.135247] TCP established hash table entries: 8192 (order: 4, 65536 bytes)
[    3.1413] TCP bind hash table entries: 8192 (order: 5, 131072 bytes)
[    3.204535] TCP: Hash tables configured (established 8192 bind 8192)
[    3.208021] UDP hash table entries: 512 (order: 2, 16384 bytes)
[    3.211205] UDP-Lite hash table entris: 512 (order: 2, 16384 bytes)
[    3.243468] NET: Registered protocol family 1
[    3.245660] pci 0000:00:00.0: Limiting direct PCI/PCI transfers
[    3.248253] pci 0000:00:01.0: Activating ISA DMA hang workarounds
[    3.251431] Unpacking initramfs...

[    3.626354] Freeing initrd memory: 14792K
[    3.628654] RAPL PMU detected, API unit is 2^-32 Joules, 4 fixed counters 10737418240 ms ovfl timer
[    3.634889] hw unit of domain pp0-core 2^-0 Joules
[    3.637051] hw unit of domain package 2^-0 Joules
[    3.639359] hw unit of domain dram 2^-0 Joules
[    3.641619] hw unit of domain pp1-gpu 2^-0 Joules
[    3.643943] platform rtc_cmos: registered platform RTC device (no PNP device found)
[    3.647253] Scanning for low memory corruption every 60 seconds
[    3.649751] audit: initializing netlink subsys (disabled)
[    3.651733] audit: type=2000 audit(1538060354.359:1): initialized
[    3.654123] Initialise system trusted keyring
[    3.657401] HugeTLB registered 2 MB page size, pre-allocated 0 pages
[    3.661583] zbud: loaded
[    3.663966] VFS: Disk quotas dquot_6.6.0
[    3.666612] VFS: Dquot-cache hash table entries: 512 (order 0, 4096 bytes)
[    3.670232] squashfs: version 4.0 (2009/01/31) Phillip Lougher
[    3.673825] fuse init (API version 7.23)
[    3.677921] Key type big_key registered
[    3.680211] Allocating IMA MOK and blacklist keyrings.
[    3.693268] Key type asymmetric registered
[    3.696994] Asymmetric key parser 'x509' registered
[    3.699862] Block layer SCSI generic (bsg) driver version 0.4 loaded (major 249)
[    3.706310] io scheduler noop registered
[    3.708277] io scheduler deadline registered (default)
[    3.720655] io scheduler cfq registered
[    3.723010] pci_hotplug: PCI Hot Plug PCI Core version: 0.5
[    3.727476] pciehp: PCI Express Hot Plug Controller Driver version: 0.4
[    3.732739] ACPI: AC Adapter [AC] (off-line)
[    3.739454] input: Power Button as /devices/LNXSYSTM:00/LNXPWRBN:00/input/input0
[    3.744982] ACPI: Power Button [PWRF]
[    3.754311] input: Sleep Button as /devices/LNXSYSTM:00/LNXSLPBN:00/input/input1
[    3.758204] ACPI: Sleep Button [SLPF]
[    3.761049] GHES: HEST is not enabled!
[    3.763334] ACPI: Battery Slot [BAT0] (battery present)
[    3.767190] Serial: 8250/16550 driver, 32 ports, IRQ sharing enabled
[    3.796183] 00:02: ttyS0 at I/O 0x3f8 (irq = 4, base_baud = 115200) is a 16550A
[    3.800386] Linux agpgart interface v0.103
[    3.805597] loop: module loaded
[    3.810907] scsi host0: ata_piix
[    3.815053] scsi host1: ata_piix
[    3.817209] ata1: PATA max UDMA/33 cmd 0x1f0 ctl 0x3f6 bmdma 0xd000 irq 14
[    3.821224] ata2: PATA max UDMA/33 cmd 0x170 ctl 0x376 bmdma 0xd008 irq 15
[    3.826959] libphy: Fixed MDIO Bus: probed
[    3.829544] tun: Universal TUN/TAP device driver, 1.6
[    3.844662] tun: (C) 1999-2004 Max Krasnyansky <maxk@qualcomm.com>
[    3.855962] PPP generic driver version 2.4.2
[    3.858651] ehci_hcd: USB 2.0 'Enhanced' Host Controller (EHCI) Driver
[    3.864258] ehci-pci: EHCI PCI platform driver
[    3.866823] ehci-platform: EHCI generic platform driver
[    3.869049] ohci_hcd: USB 1.1 'Open' Host Controller (OHCI) Driver
[    3.872422] ohci-pci: OHCI PCI platform driver
[    3.874591] ohci-platform: OHCI generic platform driver
[    3.879290] uhci_hcd: USB Universal Host Controller Interface driver
[    3.882610] i8042: PNP: PS/2 Controller [PNP0303:PS2K,PNP0f03:PS2M] at 0x60,0x64 irq 1,12
[    3.887352] serio: i8042 KBD port at 0x60,0x64 irq 1
[    3.889720] serio: i8042 AUX port at 0x60,0x64 irq 12
[    3.895369] mousedev: PS/2 mouse device common for all mice
[    3.906479] rtc_cmos rtc_cmos: rtc core: registered rtc_cmos as rtc0
[    3.910999] rtc_cmos rtc_cmos: alarms up to one day, 114 bytes nvram
[    3.916729] i2c /dev entries driver
[    3.925943] input: AT Translated Set 2 keyboard as /devices/platform/i8042/serio0/input/input2
[    3.931758] device-mapper: uevent: version 1.0.3
[    3.934963] device-mapper: ioctl: 4.34.0-ioctl (2015-10-28) initialised: dm-devel@redhat.com
[    3.939235] ledtrig-cpu: registered to indicate activity on CPUs
[    3.943196] NET: Registered protocol family 10
[    3.945895] NET: Registered protocol family 17
[    3.947744] Key type dns_resolver registered
[    3.952130] registered taskstats version 1
[    3.955067] Loading compiled-in X.509 certificates
[    3.959101] Loaded X.509 cert 'Build time autogenerated kernel key: 4eb3d024ac16f76c1747ffd474694c84db21038b'
[    3.971723] zswap: loaded using pool lzo/zbud
[    3.978593] Key type trusted registered
[    3.985561] Key type encrypted registered
[    3.990760] AppArmor: AppArmor sha1 policy hashing enabled
[    3.993462] ima: No TPM chip found, activating TPM-bypass!
[    3.995932] ima: Allocated hash algorithm: sha1
[    4.001570] evm: HMAC attrs: 0x1
[    4.008967]   Magic number: 2:974:991
[    4.011139] rtc_cmos rtc_cmos: setting system clock to 2018-09-27 14:59:07 UTC (1538060347)
[    4.020756] BIOS EDD facility v0.16 2004-Jun-25, 0 devices found
[    4.026393] EDD information not available.
[    4.031032] Freeing unused kernel memory: 1516K
[    4.059817] Write protecting the kernel read-only data: 14336k
[    4.539598] Freeing unused kernel memory: 1672K
[    4.542277] Freeing unused kernel memory: 92K
Loading, please wait...
starting version 229
[    4.565336] random: systemd-udevd: uninitialized urandom read (16 bytes read, 5 bits of entropy available)
[    4.565529] random: udevadm: uninitialized urandom read (16 bytes read, 5 bits of entropy available)
[    4.565560] random: udevadm: uninitialized urandom read (16 bytes read, 5 bits of entropy available)
[    4.576000] random: udevadm: uninitialized urandom read (16 bytes read, 5 bits of entropy available)
[    4.576048] random: udevadm: uninitialized urandom read (16 bytes read, 5 bits of entropy available)
[    4.576213] random: udevadm: uninitialized urandom read (16 bytes read, 5 bits of entropy available)
[    4.576304] random: udevadm: uninitialized urandom read (16 bytes read, 5 bits of entropy available)
[    4.576389] random: udevadm: uninitialized urandom read (16 bytes read, 5 bits of entropy available)
[    4.576458] random: udevadm: uninitialized urandom read (16 bytes read, 5 bits of entropy available)
[    4.576513] random: udevadm: uninitialized urandom read (16 bytes read, 5 bits of entropy available)
[    4.641269] tsc: Refined TSC clocksource calibration: 1600.642 MHz
[    4.644430] clocksource: tsc: mask: 0xffffffffffffffff max_cycles: 0x171283895fd, max_idle_ns: 440795282156 ns
[    4.708148] Fusion MPT base driver 3.04.20
[    4.719988] Copyright (c) 1999-2008 LSI Corporation
[    4.781203] e1000: Intel(R) PRO/1000 Network Driver - version 7.3.21-k8-NAPI
[    4.819643] e1000: Copyright (c) 1999-2006 Intel Corporation.
[    4.857915] Fusion MPT SPI Host driver 3.04.20
[    4.875274] AVX2 version of gcm_enc/dec engaged.
[    4.882278] AES CTR mode by8 optimization enabled
[    5.070793] input: ImExPS/2 Generic Explorer Mouse as /devices/platform/i8042/serio1/input/input4
[    5.721580] e1000 0000:00:03.0 eth0: (PCI:33MHz:32-bit) 02:1d:76:b3:3c:fe
[    5.733807] e1000 0000:00:03.0 eth0: Intel(R) PRO/1000 Network Connection
[    6.226086] e1000 0000:00:08.0 eth1: (PCI:33MHz:32-bit) 08:00:27:41:41:8f
[    6.236048] e1000 0000:00:08.0 eth1: Intel(R) PRO/1000 Network Connection
[    6.240892] e1000 0000:00:03.0 enp0s3: renamed from eth0
[    6.243448] mptbase: ioc0: Initiating bringup
[    6.257312] e1000 0000:00:08.0 enp0s8: renamed from eth1
[    6.313685] ioc0: LSI53C1030 A0: Capabilities={Initiator}
[    6.483653] scsi host2: ioc0: LSI53C1030 A0, FwRev=00000000h, Ports=1, MaxQ=256, IRQ=20
[    6.598136] scsi 2:0:0:0: Direct-Access     VBOX     HARDDISK         1.0  PQ: 0 ANSI: 5
[    6.603129] scsi target2:0:0: Beginning Domain Validation
[    6.612295] scsi target2:0:0: Domain Validation skipping write tests
[    6.625977] scsi target2:0:0: Ending Domain Validation
[    6.640619] scsi target2:0:0: asynchronous
[    6.645832] scsi 2:0:1:0: Direct-Access     VBOX     HARDDISK         1.0  PQ: 0 ANSI: 5
[    6.652131] scsi target2:0:1: Beginning Domain Validation
[    6.664817] scsi target2:0:1: Domain Validation skipping write tests
[    6.668494] scsi target2:0:1: Ending Domain Validation
[    6.674091] scsi target2:0:1: asynchronous
[    6.689609] sd 2:0:0:0: [sda] 20971520 512-byte logical blocks: (10.7 GB/10.0 GiB)
[    6.692414] sd 2:0:0:0: Attached scsi generic sg0 type 0
[    6.695173] sd 2:0:0:0: [sda] Write Protect is off
[    6.697287] sd 2:0:0:0: [sda] Incomplete mode parameter data
[    6.699168] sd 2:0:0:0: [sda] Assuming drive cache: write through
[    6.701641] sd 2:0:1:0: [sdb] 20480 512-byte logical blocks: (10.5 MB/10.0 MiB)
[    6.702033] sd 2:0:1:0: Attached scsi generic sg1 type 0
[    6.726988] sd 2:0:1:0: [sdb] Write Protect is off
[    6.731017] sd 2:0:1:0: [sdb] Incomplete mode parameter data
[    6.738214] sd 2:0:1:0: [sdb] Assuming drive cache: write through
[    6.747467]  sda: sda1
[    6.748712] sd 2:0:1:0: [sdb] Attached SCSI disk
[    6.753677] sd 2:0:0:0: [sda] Attached SCSI disk
Begin: Loading essential drivers ... [    8.423841] md: linear personality registered for level -1
[    8.429273] md: multipath personality registered for level -4
[    8.444647] md: raid0 personality registered for level 0
[    8.450435] md: raid1 personality registered for level 1
[    8.525321] raid6: sse2x1   gen()  7772 MB/s
[    8.597234] raid6: sse2x1   xor()  5880 MB/s
[    8.665041] raid6: sse2x2   gen()  9622 MB/s
[    8.745644] raid6: sse2x2   xor()  6392 MB/s
[    8.821253] raid6: sse2x4   gen() 11254 MB/s
[    8.889058] raid6: sse2x4   xor()  7978 MB/s
[    8.961031] raid6: avx2x1   gen() 14871 MB/s
[    9.053556] raid6: avx2x2   gen() 17234 MB/s
[    9.125382] raid6: avx2x4   gen() 18607 MB/s
[    9.133307] raid6: using algorithm avx2x4 gen() 18607 MB/s
[    9.141663] raid6: using avx2x2 recovery algorithm
[    9.145473] xor: automatically using best checksumming function:
[    9.193334]    avx       : 21111.000 MB/sec
[    9.199785] async_tx: api initialized (async)
[    9.215572] md: raid6 personality registered for level 6
[    9.225399] md: raid5 personality registered for level 5
[    9.230786] md: raid4 personality registered for level 4
[    9.247987] md: raid10 personality registered for level 10
done.
Begin: Running /scripts/init-premount ... done.
Begin: Mounting root file system ... Begin: Running /scripts/local-top ... done.
Begin: Running /scripts/local-premount ..[    9.297226] Btrfs loaded
. Scanning for Btrfs filesystems
done.
Warning: fsck not present, so skipping root file system
[    9.397189] EXT4-fs (sda1): mounted filesystem with ordered data mode. Opts: (null)
done.
Begin: Running /scripts/local-bottom ... done.
Begin: Running /scripts/init-bottom ... done.
[    9.797411] systemd[1]: systemd 229 running in system mode. (+PAM +AUDIT +SELINUX +IMA +APPARMOR +SMACK +SYSVINIT +UTMP +LIBCRYPTSETUP +GCRYPT +GNUTLS +ACL +XZ -LZ4 +SECCOMP +BLKID +ELFUTILS +KMOD -IDN)
[    9.816123] systemd[1]: Detected virtualization oracle.
[    9.820004] systemd[1]: Detected architecture x86-64.

Welcome to [1mUbuntu 16.04.5 LTS[0m!

[    9.837314] systemd[1]: Set hostname to <ubuntu>.
[    9.848008] systemd[1]: Initializing machine ID from random generator.
[    9.855849] systemd[1]: Installed transient /etc/machine-id file.
[   10.523463] systemd[1]: Listening on /dev/initctl Compatibility Named Pipe.
[[0;32m  OK  [0m] Listening on /dev/initctl Compatibility Named Pipe.
[   10.561307] systemd[1]: Created slice User and Session Slice.
[[0;32m  OK  [0m] Created slice User and Session Slice.
[   10.602053] systemd[1]: Reached target Encrypted Volumes.
[[0;32m  OK  [0m] Reached target Encrypted Volumes.
[   10.609183] systemd[1]: Started Trigger resolvconf update for networkd DNS.
[[0;32m  OK  [0m] Started Trigger resolvconf update for networkd DNS.
[   10.657933] systemd[1]: Reached target System Time Synchronized.
[[0;32m  OK  [0m] Reached target System Time Synchronized.
[   10.667880] systemd[1]: Listening on Journal Socket (/dev/log).
[[0;32m  OK  [0m] Listening on Journal Socket (/dev/log).
[   10.694415] systemd[1]: Reached target User and Group Name Lookups.
[[0;32m  OK  [0m] Reached target User and Group Name Lookups.
[   10.759533] systemd[1]: Created slice System Slice.
[[0;32m  OK  [0m] Created slice System Slice.
[   10.771394] systemd[1]: Reached target Slices.
[[0;32m  OK  [0m] Reached target Slices.
[   10.790165] systemd[1]: Created slice system-serial\x2dgetty.slice.
[[0;32m  OK  [0m] Created slice system-serial\x2dgetty.slice.
[   10.799226] systemd[1]: Listening on udev Control Socket.
[[0;32m  OK  [0m] Listening on udev Control Socket.
[   10.808915] systemd[1]: Listening on Syslog Socket.
[[0;32m  OK  [0m] Listening on Syslog Socket.
[   10.815619] systemd[1]: Listening on udev Kernel Socket.
[[0;32m  OK  [0m] Listening on udev Kernel Socket.
[   10.824292] systemd[1]: Listening on LVM2 metadata daemon socket.
[[0;32m  OK  [0m] Listening on LVM2 metadata daemon socket.
[   10.835773] systemd[1]: Reached target Swap.
[[0;32m  OK  [0m] Reached target Swap.
[   10.853893] systemd[1]: Started Forward Password Requests to Wall Directory Watch.
[[0;32m  OK  [0m] Started Forward Password Requests to Wall Directory Watch.
[   10.869967] systemd[1]: Listening on Journal Socket.
[[0;32m  OK  [0m] Listening on Journal Socket.
[   10.902028] systemd[1]: Starting Set console keymap...
         Starting Set console keymap...
[   10.920015] systemd[1]: Starting Create list of required static device nodes for the current kernel...
         Starting Create list of required st... nodes for the current kernel...
[   10.936896] systemd[1]: Starting Uncomplicated firewall...
         Starting Uncomplicated firewall...
[   10.954276] systemd[1]: Mounting Huge Pages File System...
         Mounting Huge Pages File System...
[   10.961929] systemd[1]: Mounting POSIX Message Queue File System...
         Mounting POSIX Message Queue File System...
[   10.985738] systemd[1]: Starting Nameserver information manager...
         Starting Nameserver information manager...
[   10.994806] systemd[1]: Starting Remount Root and Kernel File Systems...
         Starting Remount Root and Kernel File Systems...
[   11.019961] EXT4-fs (sda1): re-mounted. Opts: (null)
[   11.032018] systemd[1]: Mounting Debug File System...
         Mounting Debug File System...
[   11.041600] systemd[1]: Listening on Device-mapper event daemon FIFOs.
[[0;32m  OK  [0m] Listening on Device-mapper event daemon FIFOs.
[   11.065389] systemd[1]: Starting Monitoring of LVM2 mirrors, snapshots etc. using dmeventd or progress polling...
[   11.068274] random: nonblocking pool is initialized
         Starting Monitoring of LVM2 mirrors... dmeventd or progress polling...
[   11.141583] systemd[1]: Starting Load Kernel Modules...
         Starting Load Kernel Modules...
[   11.158179] systemd[1]: Set up automount Arbitrary Executable File Formats File System Automount Point.
[   11.162835] Loading iSCSI transport class v2.0-870.
[[0;32m  OK  [0m] Set up automount Arbitrary Executab...ats File System Automount Point.
[   11.183094] systemd[1]: Listening on LVM2 poll daemon socket.
[[0;32m  OK  [[   11.222905] iscsi: registered transport (tcp)
0m] Listening on LVM2 poll daemon socket.
[   11.242665] systemd[1]: Listening on Journal Audit Socket.
[[0;32m  OK  [0m] Listening on Journal Audit Socket.
[   11.277502] systemd[1]: Starting Journal Service...
         Starting Journal Service...
[   11.298252] iscsi: registered transport (iser)
[   11.301717] systemd[1]: Mounted Debug File System.
[[0;32m  OK  [0m] Mounted Debug File System.
[   11.314287] systemd[1]: Mounted Huge Pages File System.
[[0;32m  OK  [0m] Mounted Huge Pages File System.
[   11.326368] systemd[1]: Mounted POSIX Message Queue File System.
[[0;32m  OK  [0m] Mounted POSIX Message Queue File System.
[   11.382844] systemd[1]: Started Journal Service.
[[0;32m  OK  [0m] Started Journal Service.
[[0;32m  OK  [0m] Started Set console keymap.
[[0;32m  OK  [0m] Started Create list of required sta...ce nodes for the current kernel.
[[0;32m  OK  [0m] Started Uncomplicated firewall.
[[0;32m  OK  [0m] Started Remount Root and Kernel File Systems.
[[0;32m  OK  [0m] Started Load Kernel Modules.
[[0;32m  OK  [0m] Started Nameserver information manager.
[[0;32m  OK  [0m] Started LVM2 metadata daemon.
         Starting Apply Kernel Variables...
         Mounting FUSE Control File System...
         Starting Load/Save Random Seed...
         Starting udev Coldplug all Devices...
         Starting Create Static Device Nodes in /dev...
         Starting Flush Journal to Persistent Storage...
[[0;32m  OK  [0m] Mounted FUSE Control File System.
[[0;32m  OK  [0m] Started Load/Save Random Seed.
[[0;32m  OK  [0m] Started Apply Kernel Variables.
[[0;32m  OK  [0m] Started Create Static Device Nodes in /dev.
[[0;32m  OK  [0m] Started udev Coldplug all Devices.
[[0;32m  OK  [0m] Started Flush Journal to Persistent Storage.
         Starting udev Kernel Device Manager...
[[0;32m  OK  [0m] Started Monitoring of LVM2 mirrors,...ng dmeventd or progress polling.
[[0;32m  OK  [0m] Started udev Kernel Device Manager.
[[0;32m  OK  [0m] Started Dispatch Password Requests to Console Directory Watch.
[[0;32m  OK  [0m] Reached target Local File Systems (Pre).
[[0;32m  OK  [0m] Reached target Local File Systems.
         Starting Initial cloud-init job (pre-networking)...
         Starting Tell Plymouth To Write Out Runtime Data...
         Starting LSB: AppArmor initialization...
         Starting Create Volatile Files and Directories...
         Starting Set console font and keymap...
         Starting Commit a transient machine-id on disk...
[[0;32m  OK  [0m] Started Tell Plymouth To Write Out Runtime Data.
[[0;32m  OK  [0m] Started Create Volatile Files and Directories.
[[0;32m  OK  [0m] Started Commit a transient machine-id on disk.
         Starting Update UTMP about System Boot/Shutdown...
[[0;32m  OK  [0m] Started Update UTMP about System Boot/Shutdown.
[[0;32m  OK  [0m] Found device /dev/ttyS0.
[[0;32m  OK  [0m] Listening on Load/Save RF Kill Switch Status /dev/rfkill Watch.
[[0;32m  OK  [0m] Started LSB: AppArmor initialization.
[   11.590911] cloud-init[479]: Cloud-init v. 18.3-9-g2e62cb8a-0ubuntu1~16.04.2 running 'init-local' at Thu, 27 Sep 2018 14:59:17 +0000. Up 11.20 seconds.
[[0;32m  OK  [0m] Started Initial cloud-init job (pre-networking).
[[0;32m  OK  [0m] Started Set console font and keymap.
[[0;32m  OK  [0m] Created slice system-getty.slice.
[[0;32m  OK  [0m] Reached target Network (Pre).
         Starting Raise network interfaces...
[[0;32m  OK  [0m] Started Raise network interfaces.
[[0;32m  OK  [0m] Reached target Network.
         Starting Initial cloud-init job (metadata service crawler)...
[   13.482197] cloud-init[942]: Cloud-init v. 18.3-9-g2e62cb8a-0ubuntu1~16.04.2 running 'init' at Thu, 27 Sep 2018 14:59:18 +0000. Up 12.54 seconds.
[   13.494392] cloud-init[942]: ci-info: ++++++++++++++++++++++++++++++++++++++Net device info+++++++++++++++++++++++++++++++++++++++
[   13.499625] cloud-init[942]: ci-info: +--------+-------+----------------------------+---------------+--------+-------------------+
[   13.516608] cloud-init[942]: ci-info: | Device |   Up  |          Address           |      Mask     | Scope  |     Hw-Address    |
[   13.532734] cloud-init[942]: ci-info: +--------+-------+----------------------------+---------------+--------+-------------------+
[   13.539599] cloud-init[942]: ci-info: | enp0s3 |  True |         10.0.2.15          | 255.255.255.0 | global | 02:1d:76:b3:3c:fe |
[   13.546935] cloud-init[942]: ci-info: | enp0s3 |  True | fe80::1d:76ff:feb3:3cfe/64 |       .       |  link  | 02:1d:76:b3:3c:fe |
[   13.556939] cloud-init[942]: ci-info: | enp0s8 | False |             .              |       .       |   .    | 08:00:27:41:41:8f |
[   13.562811] cloud-init[942]: ci-info: |   lo   |  True |         127.0.0.1          |   255.0.0.0   |  host  |         .         |
[   13.568253] cloud-init[942]: ci-info: |   lo   |  True |          ::1/128           |       .       |  host  |         .         |
[   13.573637] cloud-init[942]: ci-info: +--------+-------+----------------------------+---------------+--------+-------------------+
[   13.582316] cloud-init[942]: ci-info: +++++++++++++++++++++++++++Route IPv4 info++++++++++++++++++++++++++++
[   13.592144] cloud-init[942]: ci-info: +-------+-------------+----------+---------------+-----------+-------+
[   13.613276] cloud-init[942]: ci-info: | Route | Destination | Gateway  |    Genmask    | Interface | Flags |
[   13.613956] cloud-init[942]: ci-info: +-------+-------------+----------+---------------+-----------+-------+
[[0;32m  OK  [0m] Started Initial cloud-init job (metadata service crawler).
[   13.615310] cloud-init[942]: ci-info: |   0   |   0.0.0.0   | 10.0.2.2 |    0.0.0.0    |   enp0s3  |   UG  |
[   13.695818] cloud-init[942]: ci-info: |   1   |   10.0.2.0  | 0.0.0.0  | 255.255.255.0 |   enp0s3  |   U   |
[   13.696406] cloud-init[942]: ci-info: +-------+-------------+----------+---------------+-----------+-------+
[[0;32m  OK  [0m] Reached target System Initialization.
[   13.698987] cloud-init[942]: ci-info: +++++++++++++++++++Route IPv6 info+++++++++++++++++++
[   13.851334] cloud-init[942]: ci-info: +-------+-------------+---------+-----------+-------+
[[0;32m  OK  [0m] Listening on ACPID Listen Socket.
[   13.852590] cloud-init[942]: ci-info: | Route | Destination | Gateway | Interface | Flags |
[   13.952891] cloud-init[942]: ci-info: +-------+-------------+---------+-----------+-------+
[   13.953693] cloud-init[942]: ci-info: |   0   |  fe80::/64  |    ::   |   enp0s3  |   U   |
[   13.958357] cloud-init[942]: ci-info: |   3   |   ff00::/8  |    ::   |   enp0s3  |   U   |
[[0;32m  OK  [0m] Started ACPI Events Check.
[[   13.958789] cloud-init[942]: ci-info: +-------+-------------+---------+-----------+-------+
[   14.006142] cloud-init[942]: Generating public/private rsa key pair.
[0;32m  OK  [0m] Reached target Paths.
[   14.006850] cloud-init[942]: Your identification has been saved in /etc/ssh/ssh_host_rsa_key.
[   14.025191] cloud-init[942]: Your public key has been saved in /etc/ssh/ssh_host_rsa_key.pub.
[   14.026027] cloud-init[942]: The key fingerprint is:
         Starting LXD - unix socket.
[   14.027345] cloud-init[942]: SHA256:bbJuw4pUifq8R43zxgAZF5T2YCBmlCS7QxOP+8oUnj4 root@ubuntu-xenial
[[0;32m  OK  [0m] Started Daily Cleanup of Temporary Directories.
[   14.040239] cloud-init[942]: The key's randomart image is:
[   14.075328] cloud-init[942]: +---[RSA 2048]----+
[[0;32m  OK  [0m] Started Daily apt download activities.
         [   14.077199] Starting Socket activation for snappy daemon.cloud-init
[942]: |.+*..ooo         |
[   14.131145] cloud-init[942]: [| ==.. *          |[0;32m  OK  [0m] Listening on D-Bus System Message Bus Socket.

[   14.146629] cloud-init[942]: |.+ . * o         |
[   14.147356] cloud-init[942]: |..o o. ...       |
[   14.149557] cloud-init[942]: |oo  ..ooS o      |
[[0;32m  OK  [0m] Listening on UUID daemon activation socket.
[[   14.151050] cloud-init[942]: |..+. .= .+       |
[   14.201896] [0;32m  OK  [0mcloud-init] [942]: Started Daily apt upgrade and clean activities.| +.... *.        |

[   14.229369] cloud-init[942]: |+E.+ ...B        |
[   14.230580] [[0;32m  OK  [0m] Reached target Timers.
cloud-init[942]: | +. =o.+..       |
[   14.252957] cloud-init[942]: +----[SHA256]-----+
[   14.253946] cloud-init[942]: Generating public/private dsa key pair.
[   14.256452] cloud-init[942]: Your identification has been saved in /etc/ssh/ssh_host_dsa_key.
[   14.259564] cloud-init[942]: Your public key has been saved in /etc/ssh/ssh_host_dsa_key.pub.
[[0;32m  OK  [0m] Reached target Network is Online.
[   14.261810] cloud-init[942]: The key fingerprint is:
[   14.286955] cloud-init[942]: SHA256:rf2gGoIsqHS/hiJYy4tNNKeTNdynHNVjLr3ik87J/kQ root@ubuntu-xenial
[   14.292775] cloud-init[942]: The key's randomart image is:
[   14.293895] cloud-init[942]: +---[DSA 1024]----+
[   14.295654] cloud-init[942]: |                 |
[   14.295710] cloud-init[942]: |         .       |
[   14.295754] cloud-init[942]: |        . +      |
[   14.295798] cloud-init[942]: |   . . . = .     |
[   14.295839] cloud-init[942]: |  o = o S E      |
[   14.295878] cloud-init[942]: |.o.B o + = .     |
[   14.295927] cloud-init[942]: |++Boo + o.=      |
[   14.295968] cloud-init[942]: |=*+o.o =o= o     |
[   14.296007] cloud-init[942]: |+ +..oo+Oo. .    |
[   14.296136] cloud-init[942]: +----[SHA256]-----+
[   14.296179] cloud-init[942]: Generating public/private ecdsa key pair.
[   14.296220] cloud-init[942]: Your identification has been saved in /etc/ssh/ssh_host_ecdsa_key.
[   14.296261] cloud-init[942]: Your public key has been saved in /etc/ssh/ssh_host_ecdsa_key.pub.
[   14.296301] cloud-init[942]: The key fingerprint is:
         Starting iSCSI initiator daemon (iscsid)...
[   14.296439] cloud-init[942]: SHA256:MaIvlUXHvF6el822n610TrbMe0OJCkFS67PJO2oIyhg root@ubuntu-xenial
[   14.694073] cloud-init[942]: The key's randomart image is:
[[0;32m  OK  [0m] Reached target Cloud-config availability.
[   14.695347] cloud-init[942]: +---[ECDSA 256]---+
[   14.748895] cloud-init[942]: |        o+.      |
[   14.750051] cloud-init[942]: |       o o+      |
[   14.752162] cloud-init[942]: |      . *. .     |
[   14.752265] cloud-init[942]: |     . +.+. .    |
[   14.752358] cloud-init[942]: |    . o S+.o ..+.|
[[0;32m  OK  [0m] [   14.752446] Listening on LXD - unix socket.cloud-init
[942]: |E  . o  ..= o.oo+|
[[   14.752556] cloud-init[942]: |o.. o o  +. ..o.=|
[0;32m  OK  [0m] Listening on Socket activation for snappy daemon.
[   14.891561] cloud-init[942]: |.o   o . ... .oB=|
[   14.929003] cloud-init[942]: |      .....   .BO|
[   14.930180] cloud-init[942]: +----[SHA256]-----+
[[0;32m  OK  [0m] Reached target Sockets.
[[   14.930839] cloud-init[942]: Generating public/private ed25519 key pair.
[   15.006943] cloud-init[942]: Your identification has been saved in /etc/ssh/ssh_host_ed25519_key.
[   15.011859] cloud-init[942]: Your public key has been saved in /etc/ssh/ssh_host_ed25519_key.pub.
[   15.011924] cloud-init[942]: The key fingerprint is:
[0;32m  OK  [0m] Reached target Basic System.
[   15.019498] cloud-init[942]: SHA256:HEbjfzBOqjPqMrdHcs5QRScKvbfcf1DWWE2knQo2pJU root@ubuntu-xenial
[   15.055310] cloud-init[942]: The key's randomart image is:
[   15.058244] cloud-init[942]: +--[ED25519 256]--+
[   15.081036] cloud-init[942]: |    .. .= .o.  o+|
[   15.081687] cloud-init[942]: |     ..+.++E   o+|
[[0;32m  OK  [0m] Started D-Bus System Message Bus.
[   15.084544] cloud-init[942]: |      .o+.++  .=.|
[   15.104842] cloud-init[942]: |      oo.*.oo = .|
[   15.107529] cloud-init[942]: |     . oSoo .+   |
[   15.124656] cloud-init[942]: |    o o.o ...    |
[   15.127795] cloud-init[942]: |     B+    . .   |
[   15.131876] cloud-init[942]: |  o ..+o    . .  |
[   15.135156] cloud-init[942]: |   =+o       .   |
[   15.139000] cloud-init[942]: +----[SHA256]-----+
[[0;32m  OK  [0m] Started FUSE filesystem for LXC.
         Starting Login Service...
         Starting Virtualbox guest utils...
[[0;32m  OK  [0m] Started Regular background program processing daemon.
         Starting LSB: MD monitoring daemon...
         Starting Accounts Service...
[[0;32m  OK  [0m] Started ACPI event daemon.
         Starting System Logging Service...
         Starting /etc/rc.local Compatibility...
         Starting Pollinate to seed the pseudo random number generator...
[[0;32m  OK  [0m] Started Unattended Upgrades Shutdown.
         Starting LSB: Record successful boot for GRUB...
[[0;32m  OK  [0m] Started Deferred execution scheduler.
         Starting Snappy daemon...
         Starting LXD - container startup/shutdown...
[[0;32m  OK  [0m] Started System Logging Service.
[[0;32m  OK  [0m] Started iSCSI initiator daemon (iscsid).
[[0;32m  OK  [0m] Started /etc/rc.local Compatibility.
[[0;32m  OK  [0m] Started Login Service.
[[0;32m  OK  [0m] Started LSB: MD monitoring daemon.
[[0;32m  OK  [0m] Started LSB: Record successful boot for GRUB.
         Starting Authenticate and Authorize Users to Run Privileged Tasks...
         Starting Login to default iSCSI targets...
[[0;32m  OK  [0m] Started Authenticate and Authorize Users to Run Privileged Tasks.
[[0;32m  OK  [0m] Started Virtualbox guest utils.
[[0;32m  OK  [0m] Started Accounts Service.
[[0;32m  OK  [0m] Started Login to default iSCSI targets.
[[0;32m  OK  [0m] Reached target Remote File Systems (Pre).
[[0;32m  OK  [0m] Reached target Remote File Systems.
         Starting Permit User Sessions...
         Starting LSB: automatic crash report generation...
         Starting LSB: Set the CPU Frequency Scaling governor to "ondemand"...
         Starting LSB: daemon to balance interrupts for SMP systems...
[[0;32m  OK  [0m] Started Permit User Sessions.
[[0;32m  OK  [0m] Started LXD - container startup/shutdown.
         Starting Terminate Plymouth Boot Screen...
         Starting Hold until boot process finishes up...
[[0;32m  OK  [0m] Started Snappy daemon.
[[0;32m  OK  [0m] Started LSB: automatic crash report generation.
[[0;32m  OK  [0m] Started LSB: Set the CPU Frequency Scaling governor to "ondemand".
[[0;32m  OK  [0m] Started LSB: daemon to balance interrupts for SMP systems.
[[0;32m  OK  [0m] Started Pollinate to seed the pseudo random number generator.
[[0;32m  OK  [0m] Started Terminate Plymouth Boot Screen.
[[0;32m  OK  [0m] Started Hold until boot process finishes up.
[[0;32m  OK  [0m] Started Getty on tty1.
         Starting Set console scheme...
[[0;32m  OK  [0m] Started Serial Getty on ttyS0.
[[0;32m  OK  [0m] Reached target Login Prompts.
         Starting OpenBSD Secure Shell server...
         Starting Wait until snapd is fully seeded...
[[0;32m  OK  [0m] Started Set console scheme.
[[0;32m  OK  [0m] Started OpenBSD Secure Shell server.
[[0;32m  OK  [0m] Started Wait until snapd is fully seeded.
         Starting Apply the settings specified in cloud-config...
[[0;32m  OK  [0m] Reached target Multi-User System.
[[0;32m  OK  [0m] Reached target Graphical Interface.
         Starting Update UTMP about System Runlevel Changes...
[[0;32m  OK  [0m] Started Update UTMP about System Runlevel Changes.
[   20.061709] cloud-init[1260]: Generating locales (this might take a while)...
[   21.303289] cloud-init[1260]:   en_US.UTF-8... done
[   21.331224] cloud-init[1260]: Generation complete.
[   22.289104] cloud-init[1260]: Cloud-init v. 18.3-9-g2e62cb8a-0ubuntu1~16.04.2 running 'modules:config' at Thu, 27 Sep 2018 14:59:25 +0000. Up 19.76 seconds.

Ubuntu 16.04.5 LTS ubuntu-xenial ttyS0

ubuntu-xenial login: ci-info: no authorized ssh keys fingerprints found for user ubuntu.
<14>Sep 27 14:59:29 ec2: 
<14>Sep 27 14:59:29 ec2: #############################################################
<14>Sep 27 14:59:29 ec2: -----BEGIN SSH HOST KEY FINGERPRINTS-----
<14>Sep 27 14:59:29 ec2: 1024 SHA256:rf2gGoIsqHS/hiJYy4tNNKeTNdynHNVjLr3ik87J/kQ root@ubuntu-xenial (DSA)
<14>Sep 27 14:59:29 ec2: 256 SHA256:MaIvlUXHvF6el822n610TrbMe0OJCkFS67PJO2oIyhg root@ubuntu-xenial (ECDSA)
<14>Sep 27 14:59:29 ec2: 256 SHA256:HEbjfzBOqjPqMrdHcs5QRScKvbfcf1DWWE2knQo2pJU root@ubuntu-xenial (ED25519)
<14>Sep 27 14:59:29 ec2: 2048 SHA256:bbJuw4pUifq8R43zxgAZF5T2YCBmlCS7QxOP+8oUnj4 root@ubuntu-xenial (RSA)
<14>Sep 27 14:59:29 ec2: -----END SSH HOST KEY FINGERPRINTS-----
<14>Sep 27 14:59:29 ec2: #############################################################
-----BEGIN SSH HOST KEY KEYS-----
ecdsa-sha2-nistp256 AAAAE2VjZHNhLXNoYTItbmlzdHAyNTYAAAAIbmlzdHAyNTYAAABBBKGjO/pLfKw19l2aT7QpVqu213CAWF4uSMbmafjZ/q2L3RvGZxFEyg7ipG0RDar58cv/okicxPJlmcMpd1YJEY8= root@ubuntu-xenial
ssh-ed25519 AAAAC3NzaC1lZDI1NTE5AAAAIGISRrjVBtGfBhb/Uo38DWFsfzyb8cauI+EpNUg6bFUZ root@ubuntu-xenial
ssh-rsa AAAAB3NzaC1yc2EAAAADAQABAAABAQDJEuin/DhaIIe1oaDq+1xh33e1VWrP3SlCc9MFN07cP35XkX5EO6gr4FopoRenI2d7jyh931V1rVVYC29FGQKPpmRIH7G2Q4x4HSxONfdBUX4bJUjPPLlKEUKKpS+n6klMS8ZOVtUeGVTVIJrehZyjcw3CTa1Q1HWLgCXJbU6NmpFKwMopTQweHC2fOm56xhRIL/76g72DN3GkWM5e9FQA5BjVquDzbN6tmFKgRw2uRsippuyev41bUV/qQWTsPELZyEqXD3Cz3vBui2bYYfIZk9miTIV15QkY38oDV1uHUiU2dvoDYlpcvjAbwPb9+rEQR9DeIhRrzw991gDBGFVD root@ubuntu-xenial
-----END SSH HOST KEY KEYS-----
[   23.199226] cloud-init[1384]: Cloud-init v. 18.3-9-g2e62cb8a-0ubuntu1~16.04.2 running 'modules:final' at Thu, 27 Sep 2018 14:59:28 +0000. Up 22.88 seconds.
[   23.203638] cloud-init[1384]: ci-info: no authorized ssh keys fingerprints found for user ubuntu.
[   23.203781] cloud-init[1384]: Cloud-init v. 18.3-9-g2e62cb8a-0ubuntu1~16.04.2 finished at Thu, 27 Sep 2018 14:59:29 +0000. Datasource DataSourceNoCloud [seed=/dev/sdb][dsmode=net].  Up 23.18 seconds
